[15Jul2025 12:27:02.026] [main/INFO] [cpw.mods.modlauncher.Launcher/MODLAUNCHER]: ModLauncher running: args [--gameDir, ., --launchTarget, fmlserver, --fml.forgeVersion, 35.1.37, --fml.mcpVersion, 20201102.104115, --fml.mcVersion, 1.16.4, --fml.forgeGroup, net.minecraftforge, nogui]
[15Jul2025 12:27:02.030] [main/INFO] [cpw.mods.modlauncher.Launcher/MODLAUNCHER]: ModLauncher 8.0.9+86+master.3cf110c starting: java version 11.0.27 by Ubuntu
[15Jul2025 12:27:02.268] [main/INFO] [net.minecraftforge.fml.loading.FixSSL/CORE]: Added Lets Encrypt root certificates as additional trust
[15Jul2025 12:27:02.324] [main/INFO] [mixin/]: SpongePowered MIXIN Subsystem Version=0.8.2 Source=file:/workspaces/OneBlock/servidor_minecraft/libraries/org/spongepowered/mixin/0.8.2/mixin-0.8.2.jar Service=ModLauncher Env=SERVER
[15Jul2025 12:27:02.364] [main/WARN] [net.minecraftforge.fml.loading.FMLConfig/CORE]: Configuration file /workspaces/OneBlock/servidor_minecraft/config/fml.toml is not correct. Correcting
[15Jul2025 12:27:02.370] [main/WARN] [net.minecraftforge.fml.loading.FMLConfig/CORE]: Incorrect key [defaultConfigPath] was corrected from null to defaultconfigs
[15Jul2025 12:27:02.373] [Thread-0/INFO] [STDERR/]: [com.electronwill.nightconfig.core.file.FileWatcher$WatcherThread:run:183]: com.electronwill.nightconfig.core.io.ParsingException: Invalid TOML data: entry "[maxThreads]" defined twice in its table.
[15Jul2025 12:27:02.373] [main/WARN] [net.minecraftforge.fml.loading.FMLConfig/CORE]: Incorrect key [maxThreads] was corrected from null to -1
[15Jul2025 12:27:02.374] [Thread-0/INFO] [STDERR/]: [com.electronwill.nightconfig.core.file.FileWatcher$WatcherThread:run:183]: 	at com.electronwill.nightconfig.toml.TableParser.checkDuplicateKey(TableParser.java:88)
[15Jul2025 12:27:02.374] [Thread-0/INFO] [STDERR/]: [com.electronwill.nightconfig.core.file.FileWatcher$WatcherThread:run:183]: 	at com.electronwill.nightconfig.toml.TableParser.parseNormal(TableParser.java:59)
[15Jul2025 12:27:02.375] [Thread-0/INFO] [STDERR/]: [com.electronwill.nightconfig.core.file.FileWatcher$WatcherThread:run:183]: 	at com.electronwill.nightconfig.toml.TomlParser.parse(TomlParser.java:44)
[15Jul2025 12:27:02.375] [Thread-0/INFO] [STDERR/]: [com.electronwill.nightconfig.core.file.FileWatcher$WatcherThread:run:183]: 	at com.electronwill.nightconfig.toml.TomlParser.parse(TomlParser.java:37)
[15Jul2025 12:27:02.376] [Thread-0/INFO] [STDERR/]: [com.electronwill.nightconfig.core.file.FileWatcher$WatcherThread:run:183]: 	at com.electronwill.nightconfig.core.io.ConfigParser.parse(ConfigParser.java:113)
[15Jul2025 12:27:02.376] [Thread-0/INFO] [STDERR/]: [com.electronwill.nightconfig.core.file.FileWatcher$WatcherThread:run:183]: 	at com.electronwill.nightconfig.core.io.ConfigParser.parse(ConfigParser.java:219)
[15Jul2025 12:27:02.376] [Thread-0/INFO] [STDERR/]: [com.electronwill.nightconfig.core.file.FileWatcher$WatcherThread:run:183]: 	at com.electronwill.nightconfig.core.io.ConfigParser.parse(ConfigParser.java:202)
[15Jul2025 12:27:02.377] [Thread-0/INFO] [STDERR/]: [com.electronwill.nightconfig.core.file.FileWatcher$WatcherThread:run:183]: 	at com.electronwill.nightconfig.core.file.WriteSyncFileConfig.load(WriteSyncFileConfig.java:73)
[15Jul2025 12:27:02.377] [Thread-0/INFO] [STDERR/]: [com.electronwill.nightconfig.core.file.FileWatcher$WatcherThread:run:183]: 	at com.electronwill.nightconfig.core.file.FileWatcher$WatcherThread.run(FileWatcher.java:181)
[15Jul2025 12:27:02.731] [main/INFO] [STDERR/]: [jdk.nashorn.api.scripting.NashornScriptEngine:<init>:143]: Warning: Nashorn engine is planned to be removed from a future JDK release
[15Jul2025 12:27:03.239] [main/INFO] [cpw.mods.modlauncher.LaunchServiceHandler/MODLAUNCHER]: Launching target 'fmlserver' with arguments [--gameDir, ., nogui]
[15Jul2025 12:27:03.306] [main/INFO] [STDERR/]: [java.lang.ThreadGroup:uncaughtException:1050]: java.lang.NoSuchMethodError: 'void sun.security.util.ManifestEntryVerifier.<init>(java.util.jar.Manifest)'
[15Jul2025 12:27:03.306] [main/INFO] [STDERR/]: [java.lang.ThreadGroup:uncaughtException:1050]: 	at cpw.mods.modlauncher.SecureJarHandler.createCodeSource(SecureJarHandler.java:66)
[15Jul2025 12:27:03.307] [main/INFO] [STDERR/]: [java.lang.ThreadGroup:uncaughtException:1050]: 	at cpw.mods.modlauncher.TransformingClassLoader$DelegatedClassLoader.findClass(TransformingClassLoader.java:275)
[15Jul2025 12:27:03.308] [main/INFO] [STDERR/]: [java.lang.ThreadGroup:uncaughtException:1050]: 	at cpw.mods.modlauncher.TransformingClassLoader.loadClass(TransformingClassLoader.java:136)
[15Jul2025 12:27:03.308] [main/INFO] [STDERR/]: [java.lang.ThreadGroup:uncaughtException:1050]: 	at cpw.mods.modlauncher.TransformingClassLoader.loadClass(TransformingClassLoader.java:98)
[15Jul2025 12:27:03.309] [main/INFO] [STDERR/]: [java.lang.ThreadGroup:uncaughtException:1050]: 	at java.base/java.lang.ClassLoader.loadClass(ClassLoader.java:527)
[15Jul2025 12:27:03.309] [main/INFO] [STDERR/]: [java.lang.ThreadGroup:uncaughtException:1050]: 	at java.base/java.lang.Class.forName0(Native Method)
[15Jul2025 12:27:03.310] [main/INFO] [STDERR/]: [java.lang.ThreadGroup:uncaughtException:1050]: 	at java.base/java.lang.Class.forName(Class.java:398)
[15Jul2025 12:27:03.310] [main/INFO] [STDERR/]: [java.lang.ThreadGroup:uncaughtException:1050]: 	at net.minecraftforge.fml.loading.FMLServerLaunchProvider.lambda$launchService$0(FMLServerLaunchProvider.java:51)
[15Jul2025 12:27:03.311] [main/INFO] [STDERR/]: [java.lang.ThreadGroup:uncaughtException:1050]: 	at cpw.mods.modlauncher.LaunchServiceHandlerDecorator.launch(LaunchServiceHandlerDecorator.java:37)
[15Jul2025 12:27:03.311] [main/INFO] [STDERR/]: [java.lang.ThreadGroup:uncaughtException:1050]: 	at cpw.mods.modlauncher.LaunchServiceHandler.launch(LaunchServiceHandler.java:54)
[15Jul2025 12:27:03.312] [main/INFO] [STDERR/]: [java.lang.ThreadGroup:uncaughtException:1050]: 	at cpw.mods.modlauncher.LaunchServiceHandler.launch(LaunchServiceHandler.java:72)
[15Jul2025 12:27:03.312] [main/INFO] [STDERR/]: [java.lang.ThreadGroup:uncaughtException:1050]: 	at cpw.mods.modlauncher.Launcher.run(Launcher.java:82)
[15Jul2025 12:27:03.313] [main/INFO] [STDERR/]: [java.lang.ThreadGroup:uncaughtException:1050]: 	at cpw.mods.modlauncher.Launcher.main(Launcher.java:66)
[15Jul2025 12:27:03.313] [main/INFO] [STDERR/]: [java.lang.ThreadGroup:uncaughtException:1050]: 	at net.minecraftforge.server.ServerMain$Runner.runLauncher(ServerMain.java:63)
[15Jul2025 12:27:03.314] [main/INFO] [STDERR/]: [java.lang.ThreadGroup:uncaughtException:1050]: 	at net.minecraftforge.server.ServerMain$Runner.access$100(ServerMain.java:60)
[15Jul2025 12:27:03.314] [main/INFO] [STDERR/]: [java.lang.ThreadGroup:uncaughtException:1050]: 	at net.minecraftforge.server.ServerMain.main(ServerMain.java:57)
